  utils.cpp
  eislinpack.cpp
  LieGroup.cpp
  rmatrix3.cpp
  Model3DS.cpp
  SimpleRenderer.cpp
  SimpleViewer.cpp
  Texture.cpp
  srBallJoint.cpp
  srClosedLoopConstraint.cpp
  srCollision.cpp
  srCollisionPair.cpp
  srConstraint.cpp
  srContactConstraint.cpp
  srDYN.cpp
  srEntity.cpp
  srGeometryInfo.cpp
  srIRSensor.cpp
  srISLAND.cpp
  srJoint.cpp
  srJointConstraint.cpp
  srLinearSpring.cpp
  srLink.cpp
  srObject.cpp
  srPrismaticJoint.cpp
  srRangeFinder.cpp
  srRevoluteJoint.cpp
  srSensor.cpp
  srSpace.cpp
  srSpring.cpp
  srState.cpp
  srSystem.cpp
  srTouchSensor.cpp
  srUniversalJoint.cpp
  srWeldJoint.cpp
  srg.cpp
  srgBitmap.cpp
  srgCamera.cpp
  srgColor.cpp
  srgFont.cpp
  srgGeometryDraw.cpp
  srLib.vcxproj -> C:\Users\Taeyoon Lee\Documents\Adaptive_control2\Debug\srLib.lib
