<<<<<<< HEAD
﻿  LieGroup.cpp
  Model3DS.cpp
  SimpleRenderer.cpp
  SimpleViewer.cpp
  utils.cpp
  srBallJoint.cpp
  srClosedLoopConstraint.cpp
  srCollision.cpp
  srCollisionPair.cpp
  srConstraint.cpp
  srContactConstraint.cpp
  srDYN.cpp
  srEntity.cpp
  srGeometryInfo.cpp
  srIRSensor.cpp
  srISLAND.cpp
  srJoint.cpp
  srJointConstraint.cpp
  srLinearSpring.cpp
  srLink.cpp
  srPrismaticJoint.cpp
  srRangeFinder.cpp
  srRevoluteJoint.cpp
  srSensor.cpp
  srSpace.cpp
  srSpring.cpp
  srState.cpp
  srSystem.cpp
  srTouchSensor.cpp
  srUniversalJoint.cpp
  srWeldJoint.cpp
  srgCamera.cpp
  srgGeometryDraw.cpp
  srLib.vcxproj -> D:\adaptivecontrol2\Release\srLib.lib
=======
﻿  srLib.vcxproj -> C:\Users\Taeyoon Lee\Documents\Adaptive_control2\Release\srLib.lib
>>>>>>> 4a8c99ef818028b339baddf090ebe8c9f717b367
