e:\adaptive control\srlib_vs2015\srlib\release\texture.obj
e:\adaptive control\srlib_vs2015\srlib\release\srcontactconstraint.obj
e:\adaptive control\srlib_vs2015\srlib\release\srlinearspring.obj
e:\adaptive control\srlib_vs2015\srlib\release\srspace.obj
e:\adaptive control\srlib_vs2015\srlib\release\srgfont.obj
e:\adaptive control\srlib_vs2015\srlib\release\rmatrix3.obj
e:\adaptive control\srlib_vs2015\srlib\release\srclosedloopconstraint.obj
e:\adaptive control\srlib_vs2015\srlib\release\srentity.obj
e:\adaptive control\srlib_vs2015\srlib\release\srobject.obj
e:\adaptive control\srlib_vs2015\srlib\release\srstate.obj
e:\adaptive control\srlib_vs2015\srlib\release\srgcolor.obj
e:\adaptive control\srlib_vs2015\srlib\release\model3ds.obj
e:\adaptive control\srlib_vs2015\srlib\release\srconstraint.obj
e:\adaptive control\srlib_vs2015\srlib\release\srjointconstraint.obj
e:\adaptive control\srlib_vs2015\srlib\release\srspring.obj
e:\adaptive control\srlib_vs2015\srlib\release\srgcamera.obj
e:\adaptive control\srlib_vs2015\srlib\release\liegroup.obj
e:\adaptive control\srlib_vs2015\srlib\release\srcollision.obj
e:\adaptive control\srlib_vs2015\srlib\release\srisland.obj
e:\adaptive control\srlib_vs2015\srlib\release\srrevolutejoint.obj
e:\adaptive control\srlib_vs2015\srlib\release\srweldjoint.obj
e:\adaptive control\srlib_vs2015\srlib\release\simplerenderer.obj
e:\adaptive control\srlib_vs2015\srlib\release\srirsensor.obj
e:\adaptive control\srlib_vs2015\srlib\release\srrangefinder.obj
e:\adaptive control\srlib_vs2015\srlib\release\sruniversaljoint.obj
e:\adaptive control\srlib_vs2015\srlib\release\utils.obj
e:\adaptive control\srlib_vs2015\srlib\release\srcollisionpair.obj
e:\adaptive control\srlib_vs2015\srlib\release\srjoint.obj
e:\adaptive control\srlib_vs2015\srlib\release\srsensor.obj
e:\adaptive control\srlib_vs2015\srlib\release\srg.obj
e:\adaptive control\srlib_vs2015\srlib\release\srgbitmap.obj
e:\adaptive control\srlib_vs2015\srlib\release\eislinpack.obj
e:\adaptive control\srlib_vs2015\srlib\release\srballjoint.obj
e:\adaptive control\srlib_vs2015\srlib\release\srdyn.obj
e:\adaptive control\srlib_vs2015\srlib\release\srprismaticjoint.obj
e:\adaptive control\srlib_vs2015\srlib\release\srtouchsensor.obj
e:\adaptive control\srlib_vs2015\srlib\release\simpleviewer.obj
e:\adaptive control\srlib_vs2015\srlib\release\srgeometryinfo.obj
e:\adaptive control\srlib_vs2015\srlib\release\srlink.obj
e:\adaptive control\srlib_vs2015\srlib\release\srsystem.obj
e:\adaptive control\srlib_vs2015\srlib\release\srggeometrydraw.obj
e:\adaptive control\srlib_vs2015\srlib\release\srlib.pdb
e:\adaptive control\srlib_vs2015\release\srlib.lib
e:\adaptive control\srlib_vs2015\srlib\release\srlib.tlog\cl.command.1.tlog
e:\adaptive control\srlib_vs2015\srlib\release\srlib.tlog\cl.read.1.tlog
e:\adaptive control\srlib_vs2015\srlib\release\srlib.tlog\cl.write.1.tlog
e:\adaptive control\srlib_vs2015\srlib\release\srlib.tlog\lib-link.read.1.tlog
e:\adaptive control\srlib_vs2015\srlib\release\srlib.tlog\lib-link.write.1.tlog
e:\adaptive control\srlib_vs2015\srlib\release\srlib.tlog\lib.command.1.tlog
